<?xml version="1.0" encoding="UTF-8"?>
<!-- Generated by org.testng.reporters.JUnitReportReporter -->
<testsuite hostname="DESKTOP-1CJGE9M" failures="0" tests="1" name="SeleniumPracticeProject.QAClick.ValidateFrameandConnections" time="16.821" errors="0" timestamp="2021-04-30T18:41:32 CDT" skipped="0">
  <testcase classname="SeleniumPracticeProject.QAClick.ValidateFrameandConnections" name="validation" time="16.821"/>
  <system-out/>
</testsuite> <!-- SeleniumPracticeProject.QAClick.ValidateFrameandConnections -->
