<?xml version="1.0" encoding="UTF-8"?>
<!-- Generated by org.testng.reporters.JUnitReportReporter -->
<testsuite hostname="DESKTOP-1CJGE9M" failures="0" tests="1" name="SeleniumPracticeProject.QAClick.ValidateOtherElementsTest" time="11.199" errors="0" timestamp="2021-05-03T11:53:45 CDT" skipped="0">
  <testcase classname="SeleniumPracticeProject.QAClick.ValidateOtherElementsTest" name="validateMoreElements" time="11.199"/>
  <system-out/>
</testsuite> <!-- SeleniumPracticeProject.QAClick.ValidateOtherElementsTest -->
