<?xml version="1.0" encoding="UTF-8"?>
<!-- Generated by org.testng.reporters.JUnitReportReporter -->
<testsuite hostname="DESKTOP-1CJGE9M" failures="0" tests="1" name="SeleniumPracticeProject.QAClick.ValidateElementsTest" time="6.602" errors="0" timestamp="2021-05-03T11:53:45 CDT" skipped="0">
  <testcase classname="SeleniumPracticeProject.QAClick.ValidateElementsTest" name="validateElements" time="6.602"/>
  <system-out/>
</testsuite> <!-- SeleniumPracticeProject.QAClick.ValidateElementsTest -->
