<?xml version="1.0" encoding="UTF-8"?>
<!-- Generated by org.testng.reporters.JUnitReportReporter -->
<testsuite skipped="0" hostname="DESKTOP-1CJGE9M" name="SeleniumPracticeProject.QAClick.ValidateOtherElementsTest" tests="1" failures="0" timestamp="2021-05-03T12:26:59 CDT" time="11.698" errors="0">
  <testcase name="validateMoreElements" time="11.698" classname="SeleniumPracticeProject.QAClick.ValidateOtherElementsTest"/>
  <system-out/>
</testsuite> <!-- SeleniumPracticeProject.QAClick.ValidateOtherElementsTest -->
