<?xml version="1.0" encoding="UTF-8"?>
<!-- Generated by org.testng.reporters.JUnitReportReporter -->
<testsuite skipped="0" hostname="DESKTOP-1CJGE9M" name="SeleniumPracticeProject.QAClick.ValidateFrameandConnectionsTest" tests="1" failures="0" timestamp="2021-05-03T12:26:59 CDT" time="14.521" errors="0">
  <testcase name="validation" time="14.521" classname="SeleniumPracticeProject.QAClick.ValidateFrameandConnectionsTest"/>
  <system-out/>
</testsuite> <!-- SeleniumPracticeProject.QAClick.ValidateFrameandConnectionsTest -->
