<?xml version="1.0" encoding="UTF-8"?>
<!-- Generated by org.testng.reporters.JUnitReportReporter -->
<testsuite skipped="0" hostname="DESKTOP-1CJGE9M" name="SeleniumPracticeProject.QAClick.ValidateElementsTest" tests="1" failures="0" timestamp="2021-05-03T12:26:59 CDT" time="6.638" errors="0">
  <testcase name="validateElements" time="6.638" classname="SeleniumPracticeProject.QAClick.ValidateElementsTest"/>
  <system-out/>
</testsuite> <!-- SeleniumPracticeProject.QAClick.ValidateElementsTest -->
